d:\school\gameplay programming\2dae15_bruylant_jonas_flocking\gameplay-programming\source\tempfiles\debug\gpp_framework.pch
d:\school\gameplay programming\2dae15_bruylant_jonas_flocking\gameplay-programming\source\tempfiles\debug\vc143.pdb
d:\school\gameplay programming\2dae15_bruylant_jonas_flocking\gameplay-programming\source\tempfiles\debug\vc143.idb
d:\school\gameplay programming\2dae15_bruylant_jonas_flocking\gameplay-programming\source\tempfiles\debug\stdafx.obj
d:\school\gameplay programming\2dae15_bruylant_jonas_flocking\gameplay-programming\source\tempfiles\debug\app_graphtheory.obj
d:\school\gameplay programming\2dae15_bruylant_jonas_flocking\gameplay-programming\source\tempfiles\debug\app_pathfindingastar.obj
d:\school\gameplay programming\2dae15_bruylant_jonas_flocking\gameplay-programming\source\tempfiles\debug\main.obj
d:\school\gameplay programming\2dae15_bruylant_jonas_flocking\gameplay-programming\source\tempfiles\debug\gl3w.obj
d:\school\gameplay programming\2dae15_bruylant_jonas_flocking\gameplay-programming\source\tempfiles\debug\sdlwindow.obj
d:\school\gameplay programming\2dae15_bruylant_jonas_flocking\gameplay-programming\source\tempfiles\debug\eimmediateui.obj
d:\school\gameplay programming\2dae15_bruylant_jonas_flocking\gameplay-programming\source\tempfiles\debug\etimer_sdl.obj
d:\school\gameplay programming\2dae15_bruylant_jonas_flocking\gameplay-programming\source\tempfiles\debug\sdlframe.obj
d:\school\gameplay programming\2dae15_bruylant_jonas_flocking\gameplay-programming\source\tempfiles\debug\sdldebugrenderer2d.obj
d:\school\gameplay programming\2dae15_bruylant_jonas_flocking\gameplay-programming\source\tempfiles\debug\ecamera2d.obj
d:\school\gameplay programming\2dae15_bruylant_jonas_flocking\gameplay-programming\source\tempfiles\debug\ephysicsworldbox2d.obj
d:\school\gameplay programming\2dae15_bruylant_jonas_flocking\gameplay-programming\source\tempfiles\debug\erigidbodybox2d.obj
d:\school\gameplay programming\2dae15_bruylant_jonas_flocking\gameplay-programming\source\tempfiles\debug\ematrix2x3.obj
d:\school\gameplay programming\2dae15_bruylant_jonas_flocking\gameplay-programming\source\tempfiles\debug\einputmanager.obj
d:\school\gameplay programming\2dae15_bruylant_jonas_flocking\gameplay-programming\source\tempfiles\debug\egeometry2dtypes.obj
d:\school\gameplay programming\2dae15_bruylant_jonas_flocking\gameplay-programming\source\tempfiles\debug\egraphrenderer.obj
d:\school\gameplay programming\2dae15_bruylant_jonas_flocking\gameplay-programming\source\tempfiles\debug\egrapheditor.obj
d:\school\gameplay programming\2dae15_bruylant_jonas_flocking\gameplay-programming\source\tempfiles\debug\egraphnodetypes.obj
d:\school\gameplay programming\2dae15_bruylant_jonas_flocking\gameplay-programming\source\tempfiles\debug\egraphconnectiontypes.obj
d:\school\gameplay programming\2dae15_bruylant_jonas_flocking\gameplay-programming\source\tempfiles\debug\navigationcolliderelement.obj
d:\school\gameplay programming\2dae15_bruylant_jonas_flocking\gameplay-programming\source\tempfiles\debug\baseagent.obj
d:\school\gameplay programming\2dae15_bruylant_jonas_flocking\gameplay-programming\source\tempfiles\debug\steeringbehaviors.obj
d:\school\gameplay programming\2dae15_bruylant_jonas_flocking\gameplay-programming\source\tempfiles\debug\steeringagent.obj
d:\school\gameplay programming\2dae15_bruylant_jonas_flocking\gameplay-programming\source\tempfiles\debug\obstacle.obj
d:\school\gameplay programming\2dae15_bruylant_jonas_flocking\gameplay-programming\source\tempfiles\debug\app_steeringbehaviors.obj
d:\school\gameplay programming\2dae15_bruylant_jonas_flocking\gameplay-programming\source\tempfiles\debug\flockingsteeringbehaviors.obj
d:\school\gameplay programming\2dae15_bruylant_jonas_flocking\gameplay-programming\source\tempfiles\debug\flock.obj
d:\school\gameplay programming\2dae15_bruylant_jonas_flocking\gameplay-programming\source\tempfiles\debug\app_flocking.obj
d:\school\gameplay programming\2dae15_bruylant_jonas_flocking\gameplay-programming\source\tempfiles\debug\combinedsteeringbehaviors.obj
d:\school\gameplay programming\2dae15_bruylant_jonas_flocking\gameplay-programming\source\tempfiles\debug\app_combinedsteering.obj
d:\school\gameplay programming\2dae15_bruylant_jonas_flocking\gameplay-programming\source\tempfiles\debug\sandboxagent.obj
d:\school\gameplay programming\2dae15_bruylant_jonas_flocking\gameplay-programming\source\tempfiles\debug\app_sandbox.obj
d:\school\gameplay programming\2dae15_bruylant_jonas_flocking\gameplay-programming\source\tempfiles\debug\enavgraph.obj
d:\school\gameplay programming\2dae15_bruylant_jonas_flocking\gameplay-programming\source\tempfiles\debug\app_navmeshgraph.obj
d:\school\gameplay programming\2dae15_bruylant_jonas_flocking\gameplay-programming\bin\debug\gpp_framework.exe
d:\school\gameplay programming\2dae15_bruylant_jonas_flocking\gameplay-programming\source\tempfiles\debug\gpp_framework.ilk
d:\school\gameplay programming\2dae15_bruylant_jonas_flocking\gameplay-programming\bin\debug\gpp_framework.pdb
d:\school\gameplay programming\2dae15_bruylant_jonas_flocking\gameplay-programming\source\..\bin\debug\gpp_framework.pdb
d:\school\gameplay programming\2dae15_bruylant_jonas_flocking\gameplay-programming\source\tempfiles\debug\gpp_framework.tlog\cl.command.1.tlog
d:\school\gameplay programming\2dae15_bruylant_jonas_flocking\gameplay-programming\source\tempfiles\debug\gpp_framework.tlog\cl.read.1.tlog
d:\school\gameplay programming\2dae15_bruylant_jonas_flocking\gameplay-programming\source\tempfiles\debug\gpp_framework.tlog\cl.write.1.tlog
d:\school\gameplay programming\2dae15_bruylant_jonas_flocking\gameplay-programming\source\tempfiles\debug\gpp_framework.tlog\link.command.1.tlog
d:\school\gameplay programming\2dae15_bruylant_jonas_flocking\gameplay-programming\source\tempfiles\debug\gpp_framework.tlog\link.read.1.tlog
d:\school\gameplay programming\2dae15_bruylant_jonas_flocking\gameplay-programming\source\tempfiles\debug\gpp_framework.tlog\link.write.1.tlog
